<?xml version="1.0" encoding="UTF-8"?>
<!-- Generated by org.testng.reporters.JUnitReportReporter -->
<testsuite hostname="SYNBLRLT9161DGR" failures="0" tests="1" name="com.saucedemo.base.BaseTest" time="12.433" errors="0" timestamp="2025-10-24T12:37:05 IST" skipped="0">
  <testcase classname="com.saucedemo.base.BaseTest" name="setup" time="12.433"/>
</testsuite> <!-- com.saucedemo.base.BaseTest -->
